#
# There is insufficient memory for the Java Runtime Environment to continue.
# Native memory allocation (malloc) failed to allocate 649680 bytes for Chunk::new
# Possible reasons:
#   The system is out of physical RAM or swap space
#   The process is running with CompressedOops enabled, and the Java Heap may be blocking the growth of the native heap
# Possible solutions:
#   Reduce memory load on the system
#   Increase physical memory or swap space
#   Check if swap backing store is full
#   Decrease Java heap size (-Xmx/-Xms)
#   Decrease number of Java threads
#   Decrease Java thread stack sizes (-Xss)
#   Set larger code cache with -XX:ReservedCodeCacheSize=
#   JVM is running with Unscaled Compressed Oops mode in which the Java heap is
#     placed in the first 4GB address space. The Java Heap base address is the
#     maximum limit for the native heap growth. Please use -XX:HeapBaseMinAddress
#     to set the Java Heap base and to place the Java Heap above 4GB virtual address.
# This output file may be truncated or incomplete.
#
#  Out of Memory Error (./src/hotspot/share/memory/arena.cpp:195), pid=932, tid=8312
#
# JRE version: OpenJDK Runtime Environment AdoptOpenJDK (15.0.2+7) (build 15.0.2+7)
# Java VM: OpenJDK 64-Bit Server VM AdoptOpenJDK (15.0.2+7, mixed mode, sharing, tiered, compressed oops, parallel gc, windows-amd64)
# No core dump will be written. Minidumps are not enabled by default on client versions of Windows
#

---------------  S U M M A R Y ------------

Command Line: --add-modules=ALL-SYSTEM --add-opens=java.base/java.util=ALL-UNNAMED --add-opens=java.base/java.lang=ALL-UNNAMED -Declipse.application=org.eclipse.jdt.ls.core.id1 -Dosgi.bundles.defaultStartLevel=4 -Declipse.product=org.eclipse.jdt.ls.core.product -Dfile.encoding=utf8 -DwatchParentProcess=false -XX:+UseParallelGC -XX:GCTimeRatio=4 -XX:AdaptiveSizePolicyWeight=90 -Dsun.zip.disableMemoryMapping=true -Xmx1G -Xms100m -javaagent:c:\Users\Keven Allan\.vscode\extensions\gabrielbb.vscode-lombok-1.0.1\server\lombok.jar c:\Users\Keven Allan\.vscode\extensions\redhat.java-0.79.1\server\plugins\org.eclipse.equinox.launcher_1.6.100.v20201223-0822.jar -configuration c:\Users\Keven Allan\AppData\Roaming\Code\User\globalStorage\redhat.java\0.79.1\config_ss_win -data c:\Users\Keven Allan\AppData\Roaming\Code\User\workspaceStorage\61f170e17c53ecf13b39bd86762a6163\redhat.java\ss_ws

Host: Intel(R) Pentium(R) CPU  N3700  @ 1.60GHz, 4 cores, 3G,  Windows 10 , 64 bit Build 19041 (10.0.19041.928)
Time: Sun May  9 20:02:21 2021 Hora oficial do Brasil elapsed time: 20.402726 seconds (0d 0h 0m 20s)

---------------  T H R E A D  ---------------

Current thread (0x000001f2fb54a1f0):  JavaThread "C2 CompilerThread0" daemon [_thread_in_native, id=8312, stack(0x000000b9a6000000,0x000000b9a6100000)]


Current CompileTask:
C2:  20403  733   !   4       java.util.jar.Attributes::read (530 bytes)

Stack: [0x000000b9a6000000,0x000000b9a6100000]
Native frames: (J=compiled Java code, j=interpreted, Vv=VM code, C=native code)
V  [jvm.dll+0x5f7a3a]
V  [jvm.dll+0x796fe9]
V  [jvm.dll+0x798743]
V  [jvm.dll+0x798d93]
V  [jvm.dll+0x1fc4f8]
V  [jvm.dll+0x996aa]
V  [jvm.dll+0x99d9c]
V  [jvm.dll+0x30fdd5]
V  [jvm.dll+0x2d9218]
V  [jvm.dll+0x2d857a]
V  [jvm.dll+0x1d2139]
V  [jvm.dll+0x1d1578]
V  [jvm.dll+0x164597]
V  [jvm.dll+0x1e0454]
V  [jvm.dll+0x1de59b]
V  [jvm.dll+0x75bbcd]
V  [jvm.dll+0x754aca]
V  [jvm.dll+0x5f67e6]
C  [ucrtbase.dll+0x21bb2]
C  [KERNEL32.DLL+0x17034]
C  [ntdll.dll+0x52651]


---------------  P R O C E S S  ---------------

Threads class SMR info:
_java_thread_list=0x000001f2fc8ddfc0, length=11, elements={
0x000001f2df73fdf0, 0x000001f2df81d0a0, 0x000001f2df81dfa0, 0x000001f2fb547170,
0x000001f2fb547b30, 0x000001f2fb5484f0, 0x000001f2fb54a1f0, 0x000001f2fb54dc10,
0x000001f2fb5bcdc0, 0x000001f2fc7560f0, 0x000001f2fc887bb0
}

Java Threads: ( => current thread )
  0x000001f2df73fdf0 JavaThread "main" [_thread_in_vm, id=7200, stack(0x000000b9a5800000,0x000000b9a5900000)]
  0x000001f2df81d0a0 JavaThread "Reference Handler" daemon [_thread_blocked, id=8248, stack(0x000000b9a5b00000,0x000000b9a5c00000)]
  0x000001f2df81dfa0 JavaThread "Finalizer" daemon [_thread_blocked, id=8564, stack(0x000000b9a5c00000,0x000000b9a5d00000)]
  0x000001f2fb547170 JavaThread "Signal Dispatcher" daemon [_thread_blocked, id=9168, stack(0x000000b9a5d00000,0x000000b9a5e00000)]
  0x000001f2fb547b30 JavaThread "Attach Listener" daemon [_thread_blocked, id=3380, stack(0x000000b9a5e00000,0x000000b9a5f00000)]
  0x000001f2fb5484f0 JavaThread "Service Thread" daemon [_thread_blocked, id=6412, stack(0x000000b9a5f00000,0x000000b9a6000000)]
=>0x000001f2fb54a1f0 JavaThread "C2 CompilerThread0" daemon [_thread_in_native, id=8312, stack(0x000000b9a6000000,0x000000b9a6100000)]
  0x000001f2fb54dc10 JavaThread "C1 CompilerThread0" daemon [_thread_blocked, id=7176, stack(0x000000b9a6100000,0x000000b9a6200000)]
  0x000001f2fb5bcdc0 JavaThread "Sweeper thread" daemon [_thread_blocked, id=9828, stack(0x000000b9a6200000,0x000000b9a6300000)]
  0x000001f2fc7560f0 JavaThread "Common-Cleaner" daemon [_thread_blocked, id=8264, stack(0x000000b9a6300000,0x000000b9a6400000)]
  0x000001f2fc887bb0 JavaThread "Notification Thread" daemon [_thread_blocked, id=9184, stack(0x000000b9a6400000,0x000000b9a6500000)]

Other Threads:
  0x000001f2fb5309b0 VMThread "VM Thread" [stack: 0x000000b9a5a00000,0x000000b9a5b00000] [id=9224]
  0x000001f2fc8d9de0 WatcherThread [stack: 0x000000b9a6500000,0x000000b9a6600000] [id=9832]
  0x000001f2df756f20 GCTaskThread "GC Thread#0" [stack: 0x000000b9a5900000,0x000000b9a5a00000] [id=8444]

Threads with active compile tasks:
C2 CompilerThread0    21880  733   !   4       java.util.jar.Attributes::read (530 bytes)

VM state: not at safepoint (normal execution)

VM Mutex/Monitor currently owned by a thread: None

Heap address: 0x00000000c0000000, size: 1024 MB, Compressed Oops mode: 32-bit
CDS archive(s) mapped at: [0x0000000800000000-0x0000000800b50000-0x0000000800b50000), size 11862016, SharedBaseAddress: 0x0000000800000000, ArchiveRelocationMode: 0.
Compressed class space mapped at: 0x0000000800b50000-0x0000000840b50000, size: 1073741824
Narrow klass base: 0x0000000800000000, Narrow klass shift: 3, Narrow klass range: 0x100000000

GC Precious Log:
 CPUs: 4 total, 4 available
 Memory: 3919M
 Large Page Support: Disabled
 NUMA Support: Disabled
 Compressed Oops: Enabled (32-bit)
 Heap Min Capacity: 100M
 Heap Initial Capacity: 100M
 Heap Max Capacity: 1G
 Pre-touch: Disabled
 Parallel Workers: 4

Heap:
 PSYoungGen      total 29696K, used 18165K [0x00000000eab00000, 0x00000000ecc00000, 0x0000000100000000)
  eden space 25600K, 70% used [0x00000000eab00000,0x00000000ebcbd570,0x00000000ec400000)
  from space 4096K, 0% used [0x00000000ec800000,0x00000000ec800000,0x00000000ecc00000)
  to   space 4096K, 0% used [0x00000000ec400000,0x00000000ec400000,0x00000000ec800000)
 ParOldGen       total 68608K, used 0K [0x00000000c0000000, 0x00000000c4300000, 0x00000000eab00000)
  object space 68608K, 0% used [0x00000000c0000000,0x00000000c0000000,0x00000000c4300000)
 Metaspace       used 3313K, capacity 4949K, committed 5120K, reserved 1056768K
  class space    used 300K, capacity 439K, committed 512K, reserved 1048576K

Card table byte_map: [0x000001f2f8660000,0x000001f2f8870000] _byte_map_base: 0x000001f2f8060000

Marking Bits: (ParMarkBitMap*) 0x00007ffbd4567ab0
 Begin Bits: [0x000001f2f89d0000, 0x000001f2f99d0000)
 End Bits:   [0x000001f2f99d0000, 0x000001f2fa9d0000)

Polling page: 0x000001f2df5f0000

Metaspace:

Usage:
  Non-class:      4.40 MB capacity,     2.95 MB ( 67%) used,     1.45 MB ( 33%) free+waste,     1.38 KB ( <1%) overhead. 
      Class:    440.00 KB capacity,   305.05 KB ( 69%) used,   133.88 KB ( 30%) free+waste,     1.06 KB ( <1%) overhead. 
       Both:      4.83 MB capacity,     3.25 MB ( 67%) used,     1.59 MB ( 33%) free+waste,     2.44 KB ( <1%) overhead. 

Virtual space:
  Non-class space:        8.00 MB reserved,       4.50 MB ( 56%) committed 
      Class space:        1.00 GB reserved,     512.00 KB ( <1%) committed 
             Both:        1.01 GB reserved,       5.00 MB ( <1%) committed 

Chunk freelists:
   Non-Class:  29.00 KB
       Class:  8.00 KB
        Both:  37.00 KB

MaxMetaspaceSize: 17179869184.00 GB
CompressedClassSpaceSize: 1.00 GB

CodeHeap 'non-profiled nmethods': size=120000Kb used=251Kb max_used=251Kb free=119748Kb
 bounds [0x000001f2f0f50000, 0x000001f2f11c0000, 0x000001f2f8480000]
CodeHeap 'profiled nmethods': size=120000Kb used=1151Kb max_used=1151Kb free=118848Kb
 bounds [0x000001f2e9a20000, 0x000001f2e9c90000, 0x000001f2f0f50000]
CodeHeap 'non-nmethods': size=5760Kb used=1130Kb max_used=1147Kb free=4629Kb
 bounds [0x000001f2e9480000, 0x000001f2e96f0000, 0x000001f2e9a20000]
 total_blobs=1129 nmethods=744 adapters=301
 compilation: enabled
              stopped_count=0, restarted_count=0
 full_count=0

Compilation events (20 events):
Event: 19.949 Thread 0x000001f2fb54dc10 nmethod 726 0x000001f2e9b36e90 code [0x000001f2e9b37060, 0x000001f2e9b375f8]
Event: 19.949 Thread 0x000001f2fb54dc10  727       3       sun.security.util.ManifestDigester::lambda$new$0 (8 bytes)
Event: 19.949 Thread 0x000001f2fb54a1f0  728 %     4       sun.security.util.ManifestDigester::findSection @ 27 (181 bytes)
Event: 19.949 Thread 0x000001f2fb54dc10 nmethod 727 0x000001f2e9b37810 code [0x000001f2e9b379e0, 0x000001f2e9b37df8]
Event: 19.964 Thread 0x000001f2fb54a1f0 nmethod 728% 0x000001f2f0f8d710 code [0x000001f2f0f8d8a0, 0x000001f2f0f8dc78]
Event: 19.967 Thread 0x000001f2fb54dc10  730       3       jdk.internal.misc.Unsafe::getLongUnaligned (173 bytes)
Event: 19.969 Thread 0x000001f2fb54dc10 nmethod 730 0x000001f2e9b37f90 code [0x000001f2e9b38160, 0x000001f2e9b38528]
Event: 19.976 Thread 0x000001f2fb54a1f0  731       4       java.lang.String::checkBoundsOffCount (64 bytes)
Event: 19.978 Thread 0x000001f2fb54a1f0 nmethod 731 0x000001f2f0f8e310 code [0x000001f2f0f8e480, 0x000001f2f0f8e518]
Event: 19.978 Thread 0x000001f2fb54a1f0  732       4       java.lang.ThreadLocal::get (38 bytes)
Event: 19.984 Thread 0x000001f2fb54a1f0 nmethod 732 0x000001f2f0f8e610 code [0x000001f2f0f8e7c0, 0x000001f2f0f8e938]
Event: 19.984 Thread 0x000001f2fb54a1f0  733   !   4       java.util.jar.Attributes::read (530 bytes)
Event: 19.999 Thread 0x000001f2fb54dc10  735  s    1       java.util.Vector::size (5 bytes)
Event: 19.999 Thread 0x000001f2fb54dc10 nmethod 735 0x000001f2f0f8eb10 code [0x000001f2f0f8eca0, 0x000001f2f0f8edf8]
Event: 20.000 Thread 0x000001f2fb54dc10  736  s    3       java.util.Vector::addElement (24 bytes)
Event: 20.001 Thread 0x000001f2fb54dc10 nmethod 736 0x000001f2e9b38610 code [0x000001f2e9b387e0, 0x000001f2e9b38c88]
Event: 20.001 Thread 0x000001f2fb54dc10  737       3       java.util.Vector::add (23 bytes)
Event: 20.002 Thread 0x000001f2fb54dc10 nmethod 737 0x000001f2e9b38e90 code [0x000001f2e9b39040, 0x000001f2e9b393a8]
Event: 20.002 Thread 0x000001f2fb54dc10  738       3       sun.security.util.DerValue::<init> (16 bytes)
Event: 20.003 Thread 0x000001f2fb54dc10 nmethod 738 0x000001f2e9b39510 code [0x000001f2e9b396c0, 0x000001f2e9b39888]

GC Heap History (0 events):
No events

Deoptimization events (20 events):
Event: 11.011 Thread 0x000001f2df73fdf0 Uncommon trap: trap_request=0xffffffde fr.pc=0x000001f2f0f7582c relative=0x000000000000010c
Event: 11.011 Thread 0x000001f2df73fdf0 Uncommon trap: reason=class_check action=maybe_recompile pc=0x000001f2f0f7582c method=jdk.internal.misc.Unsafe.allocateUninitializedArray(Ljava/lang/Class;I)Ljava/lang/Object; @ 51 c2
Event: 11.011 Thread 0x000001f2df73fdf0 DEOPT PACKING pc=0x000001f2f0f7582c sp=0x000000b9a58faf80
Event: 11.011 Thread 0x000001f2df73fdf0 DEOPT UNPACKING pc=0x000001f2e94ce129 sp=0x000000b9a58faf08 mode 2
Event: 11.014 Thread 0x000001f2df73fdf0 Uncommon trap: trap_request=0xffffffde fr.pc=0x000001f2f0f7582c relative=0x000000000000010c
Event: 11.014 Thread 0x000001f2df73fdf0 Uncommon trap: reason=class_check action=maybe_recompile pc=0x000001f2f0f7582c method=jdk.internal.misc.Unsafe.allocateUninitializedArray(Ljava/lang/Class;I)Ljava/lang/Object; @ 51 c2
Event: 11.014 Thread 0x000001f2df73fdf0 DEOPT PACKING pc=0x000001f2f0f7582c sp=0x000000b9a58fb100
Event: 11.014 Thread 0x000001f2df73fdf0 DEOPT UNPACKING pc=0x000001f2e94ce129 sp=0x000000b9a58fb088 mode 2
Event: 13.618 Thread 0x000001f2df73fdf0 Uncommon trap: trap_request=0xffffff45 fr.pc=0x000001f2f0f680a4 relative=0x00000000000000a4
Event: 13.618 Thread 0x000001f2df73fdf0 Uncommon trap: reason=unstable_if action=reinterpret pc=0x000001f2f0f680a4 method=java.net.URI.match(CJJ)Z @ 45 c2
Event: 13.618 Thread 0x000001f2df73fdf0 DEOPT PACKING pc=0x000001f2f0f680a4 sp=0x000000b9a58fcc90
Event: 13.619 Thread 0x000001f2df73fdf0 DEOPT UNPACKING pc=0x000001f2e94ce129 sp=0x000000b9a58fcc18 mode 2
Event: 14.129 Thread 0x000001f2df73fdf0 Uncommon trap: trap_request=0xffffff45 fr.pc=0x000001f2f0f77aa8 relative=0x0000000000000628
Event: 14.129 Thread 0x000001f2df73fdf0 Uncommon trap: reason=unstable_if action=reinterpret pc=0x000001f2f0f77aa8 method=java.lang.String.replace(Ljava/lang/CharSequence;Ljava/lang/CharSequence;)Ljava/lang/String; @ 48 c2
Event: 14.129 Thread 0x000001f2df73fdf0 DEOPT PACKING pc=0x000001f2f0f77aa8 sp=0x000000b9a58fd900
Event: 14.129 Thread 0x000001f2df73fdf0 DEOPT UNPACKING pc=0x000001f2e94ce129 sp=0x000000b9a58fd870 mode 2
Event: 19.999 Thread 0x000001f2df73fdf0 Uncommon trap: trap_request=0xffffffc6 fr.pc=0x000001f2f0f8cf50 relative=0x0000000000000290
Event: 19.999 Thread 0x000001f2df73fdf0 Uncommon trap: reason=bimorphic_or_optimized_type_check action=maybe_recompile pc=0x000001f2f0f8cf50 method=java.util.HashMap.getNode(Ljava/lang/Object;)Ljava/util/HashMap$Node; @ 128 c2
Event: 19.999 Thread 0x000001f2df73fdf0 DEOPT PACKING pc=0x000001f2f0f8cf50 sp=0x000000b9a58fe500
Event: 19.999 Thread 0x000001f2df73fdf0 DEOPT UNPACKING pc=0x000001f2e94ce129 sp=0x000000b9a58fe488 mode 2

Classes unloaded (0 events):
No events

Classes redefined (0 events):
No events

Internal exceptions (11 events):
Event: 4.231 Thread 0x000001f2df73fdf0 Exception <a 'java/lang/NoSuchMethodError'{0x00000000eac3a2d8}: 'void java.lang.invoke.DirectMethodHandle$Holder.invokeStatic(java.lang.Object, java.lang.Object, java.lang.Object)'> (0x00000000eac3a2d8) 
thrown [./src/hotspot/share/interpreter/linkResolver.cpp, line 782]
Event: 7.785 Thread 0x000001f2df73fdf0 Exception <a 'java/lang/reflect/InvocationTargetException'{0x00000000eaf2f038}> (0x00000000eaf2f038) 
thrown [./src/hotspot/share/runtime/reflection.cpp, line 1157]
Event: 11.010 Thread 0x000001f2df73fdf0 Exception <a 'java/lang/NoSuchMethodError'{0x00000000eb2e8d50}: 'void java.lang.invoke.DirectMethodHandle$Holder.invokeStatic(java.lang.Object, java.lang.Object)'> (0x00000000eb2e8d50) 
thrown [./src/hotspot/share/interpreter/linkResolver.cpp, line 782]
Event: 11.014 Thread 0x000001f2df73fdf0 Exception <a 'java/lang/NoSuchMethodError'{0x00000000eb2ec838}: 'void java.lang.invoke.DirectMethodHandle$Holder.invokeStaticInit(java.lang.Object, java.lang.Object)'> (0x00000000eb2ec838) 
thrown [./src/hotspot/share/interpreter/linkResolver.cpp, line 782]
Event: 16.719 Thread 0x000001f2df73fdf0 Exception <a 'java/lang/NoSuchMethodError'{0x00000000eb85a530}: 'void java.lang.invoke.DirectMethodHandle$Holder.invokeSpecial(java.lang.Object, java.lang.Object, java.lang.Object)'> (0x00000000eb85a530) 
thrown [./src/hotspot/share/interpreter/linkResolver.cpp, line 782]
Event: 16.816 Thread 0x000001f2df73fdf0 Exception <a 'java/lang/ClassNotFoundException'{0x00000000eb87e968}: sun/net/www/protocol/c/Handler> (0x00000000eb87e968) 
thrown [./src/hotspot/share/classfile/systemDictionary.cpp, line 295]
Event: 17.285 Thread 0x000001f2df73fdf0 Exception <a 'java/io/FileNotFoundException'{0x00000000eb895fa0}> (0x00000000eb895fa0) 
thrown [./src/hotspot/share/prims/jni.cpp, line 578]
Event: 17.299 Thread 0x000001f2df73fdf0 Exception <a 'java/io/FileNotFoundException'{0x00000000eb896ca8}> (0x00000000eb896ca8) 
thrown [./src/hotspot/share/prims/jni.cpp, line 578]
Event: 17.300 Thread 0x000001f2df73fdf0 Exception <a 'java/io/FileNotFoundException'{0x00000000eb897990}> (0x00000000eb897990) 
thrown [./src/hotspot/share/prims/jni.cpp, line 578]
Event: 17.302 Thread 0x000001f2df73fdf0 Exception <a 'java/io/FileNotFoundException'{0x00000000eb898670}> (0x00000000eb898670) 
thrown [./src/hotspot/share/prims/jni.cpp, line 578]
Event: 17.754 Thread 0x000001f2df73fdf0 Exception <a 'java/io/FileNotFoundException'{0x00000000eb8e0b30}> (0x00000000eb8e0b30) 
thrown [./src/hotspot/share/prims/jni.cpp, line 578]

Events (20 events):
Event: 18.317 loading class sun/nio/fs/WindowsFileSystemProvider$1
Event: 18.348 loading class sun/nio/fs/WindowsFileSystemProvider$1 done
Event: 18.348 loading class sun/nio/fs/WindowsLinkSupport
Event: 18.350 loading class sun/nio/fs/WindowsLinkSupport done
Event: 18.350 loading class sun/nio/fs/WindowsAclFileAttributeView
Event: 18.386 loading class sun/nio/fs/AbstractAclFileAttributeView
Event: 18.476 loading class java/nio/file/attribute/AclFileAttributeView
Event: 18.477 loading class java/nio/file/attribute/FileOwnerAttributeView
Event: 18.477 loading class java/nio/file/attribute/FileOwnerAttributeView done
Event: 18.477 loading class java/nio/file/attribute/AclFileAttributeView done
Event: 18.477 loading class sun/nio/fs/AbstractAclFileAttributeView done
Event: 18.477 loading class sun/nio/fs/WindowsAclFileAttributeView done
Event: 18.479 loading class sun/nio/fs/WindowsSecurity
Event: 18.514 loading class sun/nio/fs/WindowsSecurity done
Event: 18.585 loading class sun/nio/fs/WindowsFileStore
Event: 18.603 loading class java/nio/file/FileStore
Event: 18.612 loading class java/nio/file/FileStore done
Event: 18.613 loading class sun/nio/fs/WindowsFileStore done
Event: 18.627 loading class java/net/URLClassLoader$1
Event: 18.628 loading class java/net/URLClassLoader$1 done


Dynamic libraries:
0x00007ff7bb430000 - 0x00007ff7bb43d000 	C:\Program Files\AdoptOpenJDK\jdk-15.0.2.7-hotspot\bin\java.exe
0x00007ffc1b450000 - 0x00007ffc1b645000 	C:\WINDOWS\SYSTEM32\ntdll.dll
0x00007ffc19990000 - 0x00007ffc19a4d000 	C:\WINDOWS\System32\KERNEL32.DLL
0x00007ffc18e90000 - 0x00007ffc19158000 	C:\WINDOWS\System32\KERNELBASE.dll
0x00007ffc19160000 - 0x00007ffc19260000 	C:\WINDOWS\System32\ucrtbase.dll
0x00007ffc062c0000 - 0x00007ffc062d5000 	C:\Program Files\AdoptOpenJDK\jdk-15.0.2.7-hotspot\bin\VCRUNTIME140.dll
0x00007ffc062e0000 - 0x00007ffc062f8000 	C:\Program Files\AdoptOpenJDK\jdk-15.0.2.7-hotspot\bin\jli.dll
0x00007ffc1b210000 - 0x00007ffc1b3b0000 	C:\WINDOWS\System32\USER32.dll
0x00007ffc19370000 - 0x00007ffc19392000 	C:\WINDOWS\System32\win32u.dll
0x00007ffc19740000 - 0x00007ffc1976a000 	C:\WINDOWS\System32\GDI32.dll
0x00007ffc193a0000 - 0x00007ffc194ab000 	C:\WINDOWS\System32\gdi32full.dll
0x00007ffc18b90000 - 0x00007ffc18c2d000 	C:\WINDOWS\System32\msvcp_win.dll
0x00007ffc08a90000 - 0x00007ffc08d2a000 	C:\WINDOWS\WinSxS\amd64_microsoft.windows.common-controls_6595b64144ccf1df_6.0.19041.844_none_ca00b6081b84eb1d\COMCTL32.dll
0x00007ffc1b090000 - 0x00007ffc1b12e000 	C:\WINDOWS\System32\msvcrt.dll
0x00007ffc1a560000 - 0x00007ffc1a590000 	C:\WINDOWS\System32\IMM32.DLL
0x00007ffbd55c0000 - 0x00007ffbd565b000 	C:\Program Files\AdoptOpenJDK\jdk-15.0.2.7-hotspot\bin\msvcp140.dll
0x00007ffbd3aa0000 - 0x00007ffbd462f000 	C:\Program Files\AdoptOpenJDK\jdk-15.0.2.7-hotspot\bin\server\jvm.dll
0x00007ffc1a640000 - 0x00007ffc1a6ec000 	C:\WINDOWS\System32\ADVAPI32.dll
0x00007ffc195f0000 - 0x00007ffc1968b000 	C:\WINDOWS\System32\sechost.dll
0x00007ffc1af60000 - 0x00007ffc1b08b000 	C:\WINDOWS\System32\RPCRT4.dll
0x00007ffc1a3a0000 - 0x00007ffc1a3a8000 	C:\WINDOWS\System32\PSAPI.DLL
0x00007ffc07400000 - 0x00007ffc07409000 	C:\WINDOWS\SYSTEM32\WSOCK32.dll
0x00007ffc19ee0000 - 0x00007ffc19f4b000 	C:\WINDOWS\System32\WS2_32.dll
0x00007ffc0a1f0000 - 0x00007ffc0a217000 	C:\WINDOWS\SYSTEM32\WINMM.dll
0x00007ffc10b70000 - 0x00007ffc10b7a000 	C:\WINDOWS\SYSTEM32\VERSION.dll
0x00007ffc16ad0000 - 0x00007ffc16ae2000 	C:\WINDOWS\SYSTEM32\kernel.appcore.dll
0x00007ffc06eb0000 - 0x00007ffc06eba000 	C:\Program Files\AdoptOpenJDK\jdk-15.0.2.7-hotspot\bin\jimage.dll
0x00007ffc06840000 - 0x00007ffc06a24000 	C:\WINDOWS\SYSTEM32\DBGHELP.DLL
0x00007ffc06ce0000 - 0x00007ffc06d0c000 	C:\WINDOWS\SYSTEM32\dbgcore.DLL
0x00007ffc19290000 - 0x00007ffc19310000 	C:\WINDOWS\System32\bcryptPrimitives.dll
0x00007ffc062b0000 - 0x00007ffc062be000 	C:\Program Files\AdoptOpenJDK\jdk-15.0.2.7-hotspot\bin\instrument.dll
0x00007ffc06280000 - 0x00007ffc062a5000 	C:\Program Files\AdoptOpenJDK\jdk-15.0.2.7-hotspot\bin\java.dll
0x00007ffc1a810000 - 0x00007ffc1af52000 	C:\WINDOWS\System32\SHELL32.dll
0x00007ffc16cd0000 - 0x00007ffc17461000 	C:\WINDOWS\SYSTEM32\windows.storage.dll
0x00007ffc19f50000 - 0x00007ffc1a2a5000 	C:\WINDOWS\System32\combase.dll
0x00007ffc18530000 - 0x00007ffc1855c000 	C:\WINDOWS\SYSTEM32\Wldp.dll
0x00007ffc1a590000 - 0x00007ffc1a63e000 	C:\WINDOWS\System32\SHCORE.dll
0x00007ffc1b3b0000 - 0x00007ffc1b405000 	C:\WINDOWS\System32\shlwapi.dll
0x00007ffc18ad0000 - 0x00007ffc18aef000 	C:\WINDOWS\SYSTEM32\profapi.dll
0x00007ffc06260000 - 0x00007ffc06278000 	C:\Program Files\AdoptOpenJDK\jdk-15.0.2.7-hotspot\bin\zip.dll
0x00007ffc05de0000 - 0x00007ffc05df9000 	C:\Program Files\AdoptOpenJDK\jdk-15.0.2.7-hotspot\bin\net.dll
0x00007ffc0a5f0000 - 0x00007ffc0a6fb000 	C:\WINDOWS\SYSTEM32\WINHTTP.dll
0x00007ffc182a0000 - 0x00007ffc1830a000 	C:\WINDOWS\system32\mswsock.dll
0x00007ffc04010000 - 0x00007ffc04022000 	C:\Program Files\AdoptOpenJDK\jdk-15.0.2.7-hotspot\bin\nio.dll
0x00007ffc05dd0000 - 0x00007ffc05de0000 	C:\Program Files\AdoptOpenJDK\jdk-15.0.2.7-hotspot\bin\verify.dll

dbghelp: loaded successfully - version: 4.0.5 - missing functions: none
symbol engine: initialized successfully - sym options: 0x614 - pdb path: .;C:\Program Files\AdoptOpenJDK\jdk-15.0.2.7-hotspot\bin;C:\WINDOWS\SYSTEM32;C:\WINDOWS\WinSxS\amd64_microsoft.windows.common-controls_6595b64144ccf1df_6.0.19041.844_none_ca00b6081b84eb1d;C:\Program Files\AdoptOpenJDK\jdk-15.0.2.7-hotspot\bin\server

VM Arguments:
jvm_args: --add-modules=ALL-SYSTEM --add-opens=java.base/java.util=ALL-UNNAMED --add-opens=java.base/java.lang=ALL-UNNAMED -Declipse.application=org.eclipse.jdt.ls.core.id1 -Dosgi.bundles.defaultStartLevel=4 -Declipse.product=org.eclipse.jdt.ls.core.product -Dfile.encoding=utf8 -DwatchParentProcess=false -XX:+UseParallelGC -XX:GCTimeRatio=4 -XX:AdaptiveSizePolicyWeight=90 -Dsun.zip.disableMemoryMapping=true -Xmx1G -Xms100m -javaagent:c:\Users\Keven Allan\.vscode\extensions\gabrielbb.vscode-lombok-1.0.1\server\lombok.jar 
java_command: c:\Users\Keven Allan\.vscode\extensions\redhat.java-0.79.1\server\plugins\org.eclipse.equinox.launcher_1.6.100.v20201223-0822.jar -configuration c:\Users\Keven Allan\AppData\Roaming\Code\User\globalStorage\redhat.java\0.79.1\config_ss_win -data c:\Users\Keven Allan\AppData\Roaming\Code\User\workspaceStorage\61f170e17c53ecf13b39bd86762a6163\redhat.java\ss_ws
java_class_path (initial): c:\Users\Keven Allan\.vscode\extensions\redhat.java-0.79.1\server\plugins\org.eclipse.equinox.launcher_1.6.100.v20201223-0822.jar
Launcher Type: SUN_STANDARD

[Global flags]
    uintx AdaptiveSizePolicyWeight                 = 90                                        {product} {command line}
     intx CICompilerCount                          = 3                                         {product} {ergonomic}
    uintx GCTimeRatio                              = 4                                         {product} {command line}
   size_t InitialHeapSize                          = 104857600                                 {product} {command line}
   size_t MaxHeapSize                              = 1073741824                                {product} {command line}
   size_t MaxNewSize                               = 357564416                                 {product} {ergonomic}
   size_t MinHeapDeltaBytes                        = 524288                                    {product} {ergonomic}
   size_t MinHeapSize                              = 104857600                                 {product} {command line}
   size_t NewSize                                  = 34603008                                  {product} {ergonomic}
    uintx NonNMethodCodeHeapSize                   = 5832780                                {pd product} {ergonomic}
    uintx NonProfiledCodeHeapSize                  = 122912730                              {pd product} {ergonomic}
   size_t OldSize                                  = 70254592                                  {product} {ergonomic}
    uintx ProfiledCodeHeapSize                     = 122912730                              {pd product} {ergonomic}
    uintx ReservedCodeCacheSize                    = 251658240                              {pd product} {ergonomic}
     bool SegmentedCodeCache                       = true                                      {product} {ergonomic}
   size_t SoftMaxHeapSize                          = 1073741824                             {manageable} {ergonomic}
     bool UseCompressedClassPointers               = true                                 {lp64_product} {ergonomic}
     bool UseCompressedOops                        = true                                 {lp64_product} {ergonomic}
     bool UseLargePagesIndividualAllocation        = false                                  {pd product} {ergonomic}
     bool UseParallelGC                            = true                                      {product} {command line}

Logging:
Log output configuration:
 #0: stdout all=warning uptime,level,tags
 #1: stderr all=off uptime,level,tags

Environment Variables:
PATH=C:\Program Files\AdoptOpenJDK\jdk-15.0.2.7-hotspot\bin;C:\Program Files (x86)\Common Files\Oracle\Java\javapath;C:\WINDOWS\system32;C:\WINDOWS;C:\WINDOWS\System32\Wbem;C:\WINDOWS\System32\WindowsPowerShell\v1.0\;C:\WINDOWS\System32\OpenSSH\;C:\Program Files\nodejs\;C:\Program Files\Git\cmd;C:\xampp\php;C:\ProgramData\ComposerSetup\bin;C:\Users\Keven Allan\AppData\Local\Microsoft\WindowsApps;;C:\Users\Keven Allan\AppData\Local\Programs\Microsoft VS Code\bin;C:\Users\Keven Allan\AppData\Roaming\npm;C:\Users\Keven Allan\AppData\Roaming\Composer\vendor\bin
USERNAME=KevenAllan
OS=Windows_NT
PROCESSOR_IDENTIFIER=Intel64 Family 6 Model 76 Stepping 3, GenuineIntel



---------------  S Y S T E M  ---------------

OS:
 Windows 10 , 64 bit Build 19041 (10.0.19041.928)
OS uptime: 0 days 3:57 hours

CPU: total 4 (initial active 4) (4 cores per cpu, 1 threads per core) family 6 model 76 stepping 3 microcode 0x368, cmov, cx8, fxsr, mmx, sse, sse2, sse3, ssse3, sse4.1, sse4.2, popcnt, aes, clmul, erms, 3dnowpref, tsc, tscinvbit, clflush

Memory: 4k page, system-wide physical 3919M (312M free)
TotalPageFile size 6991M (AvailPageFile size 5M)
current process WorkingSet (physical memory assigned to process): 57M, peak: 57M
current process commit charge ("private bytes"): 188M, peak: 188M

vm_info: OpenJDK 64-Bit Server VM (15.0.2+7) for windows-amd64 JRE (15.0.2+7), built on Jan 21 2021 05:54:57 by "" with MS VC++ 15.9 (VS2017)

END.
